Using pre-set license
Built from '2020.3/staging' branch; Version is '2020.3.11f1 (99c7afb366b3) revision 10078127'; Using compiler version '192528614'; Build Type 'Release'
OS: 'Windows 10 Pro; OS build 19043.1110; Version 2009; 64bit' Language: 'de' Physical Memory: 12162 MB
BatchMode: 1, IsHumanControllingUs: 0, StartBugReporterOnCrash: 0, Is64bit: 1, IsPro: 0

 COMMAND LINE ARGUMENTS:
C:\Program Files\Unity Versionen\2020.3.11f1\Editor\Unity.exe
-adb2
-batchMode
-noUpm
-name
AssetImportWorker0
-projectPath
C:/Users/aminb/OneDrive/Dokumente/Unity-Horror-Game/Horror-Game
-logFile
Logs/AssetImportWorker0.log
-srvPort
65017
Successfully changed project path to: C:/Users/aminb/OneDrive/Dokumente/Unity-Horror-Game/Horror-Game
C:/Users/aminb/OneDrive/Dokumente/Unity-Horror-Game/Horror-Game
Using Asset Import Pipeline V2.
Refreshing native plugins compatible for Editor in 657.42 ms, found 2 plugins.
Preloading 0 native plugins for Editor in 0.00 ms.
Initialize engine version: 2020.3.11f1 (99c7afb366b3)
[Subsystems] Discovering subsystems at path C:/Program Files/Unity Versionen/2020.3.11f1/Editor/Data/Resources/UnitySubsystems
[Subsystems] Discovering subsystems at path C:/Users/aminb/OneDrive/Dokumente/Unity-Horror-Game/Horror-Game/Assets
GfxDevice: creating device client; threaded=0
Direct3D:
    Version:  Direct3D 11.0 [level 11.1]
    Renderer: Intel(R) HD Graphics 610 (ID=0x5906)
    Vendor:   
    VRAM:     6081 MB
    Driver:   30.0.100.9684
Initialize mono
Mono path[0] = 'C:/Program Files/Unity Versionen/2020.3.11f1/Editor/Data/Managed'
Mono path[1] = 'C:/Program Files/Unity Versionen/2020.3.11f1/Editor/Data/MonoBleedingEdge/lib/mono/unityjit'
Mono config path = 'C:/Program Files/Unity Versionen/2020.3.11f1/Editor/Data/MonoBleedingEdge/etc'
Using monoOptions --debugger-agent=transport=dt_socket,embedding=1,server=y,suspend=n,address=127.0.0.1:56604
Begin MonoManager ReloadAssembly
Registering precompiled unity dll's ...
Register platform support module: C:/Program Files/Unity Versionen/2020.3.11f1/Editor/Data/PlaybackEngines/WindowsStandaloneSupport/UnityEditor.WindowsStandalone.Extensions.dll
Registered in 0.013802 seconds.
Native extension for WindowsStandalone target not found
Refreshing native plugins compatible for Editor in 137.59 ms, found 2 plugins.
Preloading 0 native plugins for Editor in 0.00 ms.
Mono: successfully reloaded assembly
- Completed reload, in 14.833 seconds
Platform modules already initialized, skipping
Registering precompiled user dll's ...
Registered in 0.019311 seconds.
Begin MonoManager ReloadAssembly
Native extension for WindowsStandalone target not found
Refreshing native plugins compatible for Editor in 0.88 ms, found 2 plugins.
Preloading 0 native plugins for Editor in 0.00 ms.
Mono: successfully reloaded assembly
- Completed reload, in  4.642 seconds
Platform modules already initialized, skipping
========================================================================
Worker process is ready to serve import requests
Launched and connected shader compiler UnityShaderCompiler.exe after 0.12 seconds
Refreshing native plugins compatible for Editor in 0.70 ms, found 2 plugins.
Preloading 0 native plugins for Editor in 0.00 ms.
Unloading 1392 Unused Serialized files (Serialized files now loaded: 0)
System memory in use before: 65.5 MB.
System memory in use after: 65.5 MB.

Unloading 19 unused Assets to reduce memory usage. Loaded Objects now: 1829.
Total: 7.764200 ms (FindLiveObjects: 0.345500 ms CreateObjectMapping: 0.179700 ms MarkObjects: 4.877700 ms  DeleteObjects: 2.357800 ms)

========================================================================
Received Import Request.
  path: Assets/Scripts/PlayerMovement.cs
  artifactKey: Guid(6e95582a10e35084bac762c233bd03a9) Importer(815301076,1909f56bfc062723c751e8b465ee728b)
Start importing Assets/Scripts/PlayerMovement.cs using Guid(6e95582a10e35084bac762c233bd03a9) Importer(815301076,1909f56bfc062723c751e8b465ee728b)  -> (artifact id: '730d17d89e54539fd71b86ea8cf4b6bd') in 0.121041 seconds
  Import took 0.143097 seconds .

========================================================================
Received Import Request.
  Time since last request: 563.745858 seconds.
  path: Assets/Scripts/BuildSystem Tier1.cs
  artifactKey: Guid(1dcf4dc5cfa16d440a3dd3e750ef4ab4) Importer(815301076,1909f56bfc062723c751e8b465ee728b)
Start importing Assets/Scripts/BuildSystem Tier1.cs using Guid(1dcf4dc5cfa16d440a3dd3e750ef4ab4) Importer(815301076,1909f56bfc062723c751e8b465ee728b)  -> (artifact id: '57942d680ff243b33f1df402d55fef12') in 0.092316 seconds
  Import took 0.107214 seconds .

========================================================================
Received Prepare
Registering precompiled user dll's ...
Registered in 0.017364 seconds.
Begin MonoManager ReloadAssembly
Native extension for WindowsStandalone target not found
Refreshing native plugins compatible for Editor in 1.79 ms, found 2 plugins.
Preloading 0 native plugins for Editor in 0.00 ms.
Mono: successfully reloaded assembly
- Completed reload, in  5.056 seconds
Platform modules already initialized, skipping
Refreshing native plugins compatible for Editor in 0.68 ms, found 2 plugins.
Preloading 0 native plugins for Editor in 0.00 ms.
Unloading 1387 Unused Serialized files (Serialized files now loaded: 0)
System memory in use before: 65.4 MB.
System memory in use after: 65.5 MB.

Unloading 14 unused Assets to reduce memory usage. Loaded Objects now: 1832.
Total: 4.735400 ms (FindLiveObjects: 0.333500 ms CreateObjectMapping: 0.119500 ms MarkObjects: 4.170300 ms  DeleteObjects: 0.108800 ms)

========================================================================
Received Import Request.
  Time since last request: 53.180951 seconds.
  path: Assets/Scripts/BuildSystem Tier1.cs
  artifactKey: Guid(1dcf4dc5cfa16d440a3dd3e750ef4ab4) Importer(815301076,1909f56bfc062723c751e8b465ee728b)
Start importing Assets/Scripts/BuildSystem Tier1.cs using Guid(1dcf4dc5cfa16d440a3dd3e750ef4ab4) Importer(815301076,1909f56bfc062723c751e8b465ee728b)  -> (artifact id: '389a6ba5a6fc3b02fa745e63c0a57b0f') in 0.627795 seconds
  Import took 0.632530 seconds .

========================================================================
Received Prepare
Registering precompiled user dll's ...
Registered in 0.056668 seconds.
Begin MonoManager ReloadAssembly
Native extension for WindowsStandalone target not found
Refreshing native plugins compatible for Editor in 0.44 ms, found 2 plugins.
Preloading 0 native plugins for Editor in 0.00 ms.
Mono: successfully reloaded assembly
- Completed reload, in  4.274 seconds
Platform modules already initialized, skipping
Refreshing native plugins compatible for Editor in 4.93 ms, found 2 plugins.
Preloading 0 native plugins for Editor in 0.00 ms.
Unloading 1386 Unused Serialized files (Serialized files now loaded: 0)
System memory in use before: 65.4 MB.
System memory in use after: 65.5 MB.

Unloading 15 unused Assets to reduce memory usage. Loaded Objects now: 1834.
Total: 3.972100 ms (FindLiveObjects: 0.570300 ms CreateObjectMapping: 0.119200 ms MarkObjects: 3.175100 ms  DeleteObjects: 0.104300 ms)

========================================================================
Received Import Request.
  Time since last request: 240.239646 seconds.
  path: Assets/Scripts/BuildSystemTier1.cs
  artifactKey: Guid(b5bc2a21df18e9c4e98a2e6655f04a9a) Importer(815301076,1909f56bfc062723c751e8b465ee728b)
Start importing Assets/Scripts/BuildSystemTier1.cs using Guid(b5bc2a21df18e9c4e98a2e6655f04a9a) Importer(815301076,1909f56bfc062723c751e8b465ee728b)  -> (artifact id: '30c736979414054aa946e283d8d11b0b') in 0.137915 seconds
  Import took 0.169899 seconds .

========================================================================
Received Prepare
Registering precompiled user dll's ...
Registered in 0.022577 seconds.
Begin MonoManager ReloadAssembly
Native extension for WindowsStandalone target not found
Refreshing native plugins compatible for Editor in 0.44 ms, found 2 plugins.
Preloading 0 native plugins for Editor in 0.00 ms.
Mono: successfully reloaded assembly
- Completed reload, in  4.588 seconds
Platform modules already initialized, skipping
Refreshing native plugins compatible for Editor in 1.24 ms, found 2 plugins.
Preloading 0 native plugins for Editor in 0.00 ms.
Unloading 1387 Unused Serialized files (Serialized files now loaded: 0)
System memory in use before: 65.5 MB.
System memory in use after: 65.6 MB.

Unloading 14 unused Assets to reduce memory usage. Loaded Objects now: 1838.
Total: 17.442200 ms (FindLiveObjects: 0.328500 ms CreateObjectMapping: 0.188500 ms MarkObjects: 16.815500 ms  DeleteObjects: 0.107100 ms)

========================================================================
Received Prepare
Registering precompiled user dll's ...
Registered in 0.020349 seconds.
Begin MonoManager ReloadAssembly
Native extension for WindowsStandalone target not found
Refreshing native plugins compatible for Editor in 1.64 ms, found 2 plugins.
Preloading 0 native plugins for Editor in 0.00 ms.
Mono: successfully reloaded assembly
- Completed reload, in  3.489 seconds
Platform modules already initialized, skipping
Refreshing native plugins compatible for Editor in 1.07 ms, found 2 plugins.
Preloading 0 native plugins for Editor in 0.00 ms.
Unloading 1387 Unused Serialized files (Serialized files now loaded: 0)
System memory in use before: 65.5 MB.
System memory in use after: 65.6 MB.

Unloading 14 unused Assets to reduce memory usage. Loaded Objects now: 1841.
Total: 4.670200 ms (FindLiveObjects: 0.375600 ms CreateObjectMapping: 0.155600 ms MarkObjects: 4.033900 ms  DeleteObjects: 0.102900 ms)

========================================================================
Received Import Request.
  Time since last request: 88.393689 seconds.
  path: Assets/Scripts/Sound1.cs
  artifactKey: Guid(c5354aa8505be2c4e999b964ae3013e7) Importer(815301076,1909f56bfc062723c751e8b465ee728b)
Start importing Assets/Scripts/Sound1.cs using Guid(c5354aa8505be2c4e999b964ae3013e7) Importer(815301076,1909f56bfc062723c751e8b465ee728b)  -> (artifact id: 'ce026c2a36576851c0364ff24cccc69d') in 0.269746 seconds
  Import took 0.507049 seconds .

========================================================================
Received Prepare
Registering precompiled user dll's ...
Registered in 0.034116 seconds.
Begin MonoManager ReloadAssembly
Native extension for WindowsStandalone target not found
Refreshing native plugins compatible for Editor in 0.74 ms, found 2 plugins.
Preloading 0 native plugins for Editor in 0.00 ms.
Mono: successfully reloaded assembly
- Completed reload, in  8.640 seconds
Platform modules already initialized, skipping
Refreshing native plugins compatible for Editor in 0.64 ms, found 2 plugins.
Preloading 0 native plugins for Editor in 0.00 ms.
Unloading 1387 Unused Serialized files (Serialized files now loaded: 0)
System memory in use before: 65.5 MB.
System memory in use after: 65.6 MB.

Unloading 14 unused Assets to reduce memory usage. Loaded Objects now: 1844.
Total: 5.017100 ms (FindLiveObjects: 0.712600 ms CreateObjectMapping: 0.262000 ms MarkObjects: 3.936000 ms  DeleteObjects: 0.103600 ms)

========================================================================
Received Import Request.
  Time since last request: 27.135942 seconds.
  path: Assets/Scripts/Sound.cs
  artifactKey: Guid(c0e8897a995d31d41959878c96f20961) Importer(815301076,1909f56bfc062723c751e8b465ee728b)
Start importing Assets/Scripts/Sound.cs using Guid(c0e8897a995d31d41959878c96f20961) Importer(815301076,1909f56bfc062723c751e8b465ee728b)  -> (artifact id: '4a066d878a45e02b781b3763213198fc') in 0.127179 seconds
  Import took 0.140198 seconds .

========================================================================
Received Prepare
Registering precompiled user dll's ...
Registered in 0.018829 seconds.
Begin MonoManager ReloadAssembly
Native extension for WindowsStandalone target not found
Refreshing native plugins compatible for Editor in 0.68 ms, found 2 plugins.
Preloading 0 native plugins for Editor in 0.00 ms.
Mono: successfully reloaded assembly
- Completed reload, in  4.226 seconds
Platform modules already initialized, skipping
Refreshing native plugins compatible for Editor in 1.84 ms, found 2 plugins.
Preloading 0 native plugins for Editor in 0.00 ms.
Unloading 1387 Unused Serialized files (Serialized files now loaded: 0)
System memory in use before: 65.5 MB.
System memory in use after: 65.6 MB.

Unloading 15 unused Assets to reduce memory usage. Loaded Objects now: 1847.
Total: 4.055800 ms (FindLiveObjects: 0.306300 ms CreateObjectMapping: 0.114700 ms MarkObjects: 3.506100 ms  DeleteObjects: 0.126100 ms)

========================================================================
Received Prepare
Registering precompiled user dll's ...
Registered in 0.023380 seconds.
Begin MonoManager ReloadAssembly
Native extension for WindowsStandalone target not found
Refreshing native plugins compatible for Editor in 0.48 ms, found 2 plugins.
Preloading 0 native plugins for Editor in 0.00 ms.
Mono: successfully reloaded assembly
- Completed reload, in  3.967 seconds
Platform modules already initialized, skipping
Refreshing native plugins compatible for Editor in 0.64 ms, found 2 plugins.
Preloading 0 native plugins for Editor in 0.00 ms.
Unloading 1387 Unused Serialized files (Serialized files now loaded: 0)
System memory in use before: 65.5 MB.
System memory in use after: 65.6 MB.

Unloading 14 unused Assets to reduce memory usage. Loaded Objects now: 1850.
Total: 8.072500 ms (FindLiveObjects: 2.239600 ms CreateObjectMapping: 0.180800 ms MarkObjects: 5.534900 ms  DeleteObjects: 0.114600 ms)

========================================================================
Received Import Request.
  Time since last request: 61.694030 seconds.
  path: Assets/Scripts/Sound.cs
  artifactKey: Guid(c0e8897a995d31d41959878c96f20961) Importer(815301076,1909f56bfc062723c751e8b465ee728b)
Start importing Assets/Scripts/Sound.cs using Guid(c0e8897a995d31d41959878c96f20961) Importer(815301076,1909f56bfc062723c751e8b465ee728b)  -> (artifact id: 'eded30772358808cab75f27387b57097') in 0.065082 seconds
  Import took 0.082592 seconds .

========================================================================
Received Import Request.
  Time since last request: 75.081538 seconds.
  path: Assets/Materials/Spawner.mat
  artifactKey: Guid(728d077b2a1be3a499cb54e238ce9691) Importer(815301076,1909f56bfc062723c751e8b465ee728b)
Start importing Assets/Materials/Spawner.mat using Guid(728d077b2a1be3a499cb54e238ce9691) Importer(815301076,1909f56bfc062723c751e8b465ee728b)  -> (artifact id: '284b0b9fedbdf3de9598ba4a12e09251') in 0.497521 seconds
  Import took 0.510093 seconds .

========================================================================
Received Prepare
Registering precompiled user dll's ...
Registered in 0.017086 seconds.
Begin MonoManager ReloadAssembly
Native extension for WindowsStandalone target not found
Refreshing native plugins compatible for Editor in 0.42 ms, found 2 plugins.
Preloading 0 native plugins for Editor in 0.00 ms.
Mono: successfully reloaded assembly
- Completed reload, in  6.093 seconds
Platform modules already initialized, skipping
Refreshing native plugins compatible for Editor in 0.66 ms, found 2 plugins.
Preloading 0 native plugins for Editor in 0.00 ms.
Unloading 1387 Unused Serialized files (Serialized files now loaded: 0)
System memory in use before: 68.8 MB.
System memory in use after: 68.9 MB.

Unloading 14 unused Assets to reduce memory usage. Loaded Objects now: 1893.
Total: 31.997700 ms (FindLiveObjects: 1.165400 ms CreateObjectMapping: 0.160500 ms MarkObjects: 30.548500 ms  DeleteObjects: 0.119700 ms)

========================================================================
Received Prepare
Registering precompiled user dll's ...
Registered in 0.040341 seconds.
Begin MonoManager ReloadAssembly
Native extension for WindowsStandalone target not found
Refreshing native plugins compatible for Editor in 0.70 ms, found 2 plugins.
Preloading 0 native plugins for Editor in 0.00 ms.
Mono: successfully reloaded assembly
- Completed reload, in  4.922 seconds
Platform modules already initialized, skipping
Refreshing native plugins compatible for Editor in 0.88 ms, found 2 plugins.
Preloading 0 native plugins for Editor in 0.00 ms.
Unloading 1387 Unused Serialized files (Serialized files now loaded: 0)
System memory in use before: 68.8 MB.
System memory in use after: 68.9 MB.

Unloading 14 unused Assets to reduce memory usage. Loaded Objects now: 1896.
Total: 6.474700 ms (FindLiveObjects: 0.315600 ms CreateObjectMapping: 0.141700 ms MarkObjects: 5.901200 ms  DeleteObjects: 0.113500 ms)

========================================================================
Received Import Request.
  Time since last request: 550.599283 seconds.
  path: Assets/Materials/wand.prefab
  artifactKey: Guid(61f2dcd4c3ef4874f81ab7b88de9ba5d) Importer(815301076,1909f56bfc062723c751e8b465ee728b)
Start importing Assets/Materials/wand.prefab using Guid(61f2dcd4c3ef4874f81ab7b88de9ba5d) Importer(815301076,1909f56bfc062723c751e8b465ee728b)  -> (artifact id: 'f29a4b685fd339dc0738039b5945e471') in 0.512699 seconds
  Import took 0.521142 seconds .

========================================================================
Received Prepare
Registering precompiled user dll's ...
Registered in 0.026162 seconds.
Begin MonoManager ReloadAssembly
Native extension for WindowsStandalone target not found
Refreshing native plugins compatible for Editor in 0.66 ms, found 2 plugins.
Preloading 0 native plugins for Editor in 0.00 ms.
Mono: successfully reloaded assembly
- Completed reload, in  5.898 seconds
Platform modules already initialized, skipping
Refreshing native plugins compatible for Editor in 4.59 ms, found 2 plugins.
Preloading 0 native plugins for Editor in 0.00 ms.
Unloading 1387 Unused Serialized files (Serialized files now loaded: 0)
System memory in use before: 68.9 MB.
System memory in use after: 68.9 MB.

Unloading 14 unused Assets to reduce memory usage. Loaded Objects now: 1901.
Total: 7.096500 ms (FindLiveObjects: 0.544400 ms CreateObjectMapping: 0.142800 ms MarkObjects: 5.770900 ms  DeleteObjects: 0.634900 ms)

========================================================================
Received Import Request.
  Time since last request: 333.741535 seconds.
  path: Assets/Scripts/BuildSystemTriggerTier1.cs
  artifactKey: Guid(3f6893413af12bf4d9be6506b235263a) Importer(815301076,1909f56bfc062723c751e8b465ee728b)
Start importing Assets/Scripts/BuildSystemTriggerTier1.cs using Guid(3f6893413af12bf4d9be6506b235263a) Importer(815301076,1909f56bfc062723c751e8b465ee728b)  -> (artifact id: '4818bcf7db5a8e89608ffa2c4474a66e') in 0.659717 seconds
  Import took 0.680707 seconds .

========================================================================
Received Prepare
Registering precompiled user dll's ...
Registered in 0.130485 seconds.
Begin MonoManager ReloadAssembly
Native extension for WindowsStandalone target not found
Refreshing native plugins compatible for Editor in 0.83 ms, found 2 plugins.
Preloading 0 native plugins for Editor in 0.00 ms.
Mono: successfully reloaded assembly
- Completed reload, in  3.905 seconds
Platform modules already initialized, skipping
Refreshing native plugins compatible for Editor in 0.83 ms, found 2 plugins.
Preloading 0 native plugins for Editor in 0.00 ms.
Unloading 1388 Unused Serialized files (Serialized files now loaded: 0)
System memory in use before: 68.9 MB.
System memory in use after: 69.0 MB.

Unloading 14 unused Assets to reduce memory usage. Loaded Objects now: 1905.
Total: 6.733600 ms (FindLiveObjects: 0.461600 ms CreateObjectMapping: 0.218800 ms MarkObjects: 5.939500 ms  DeleteObjects: 0.110600 ms)

========================================================================
Received Import Request.
  Time since last request: 23.086615 seconds.
  path: Assets/Scripts/BuildSystemTier1.cs
  artifactKey: Guid(b5bc2a21df18e9c4e98a2e6655f04a9a) Importer(815301076,1909f56bfc062723c751e8b465ee728b)
Start importing Assets/Scripts/BuildSystemTier1.cs using Guid(b5bc2a21df18e9c4e98a2e6655f04a9a) Importer(815301076,1909f56bfc062723c751e8b465ee728b)  -> (artifact id: 'ac0c603620faf92a411c142ecaf539e3') in 0.108328 seconds
  Import took 0.128764 seconds .

AssetImportWorkerClient::OnTransportError - code=2 error=End of file
