Using pre-set license
Built from '2020.3/staging' branch; Version is '2020.3.11f1 (99c7afb366b3) revision 10078127'; Using compiler version '192528614'; Build Type 'Release'
OS: 'Windows 10 Pro; OS build 19043.1110; Version 2009; 64bit' Language: 'de' Physical Memory: 12162 MB
BatchMode: 1, IsHumanControllingUs: 0, StartBugReporterOnCrash: 0, Is64bit: 1, IsPro: 0

 COMMAND LINE ARGUMENTS:
C:\Program Files\Unity Versionen\2020.3.11f1\Editor\Unity.exe
-adb2
-batchMode
-noUpm
-name
AssetImportWorker0
-projectPath
C:/Users/aminb/OneDrive/Dokumente/Unity-Horror-Game/Horror-Game
-logFile
Logs/AssetImportWorker0.log
-srvPort
50313
Successfully changed project path to: C:/Users/aminb/OneDrive/Dokumente/Unity-Horror-Game/Horror-Game
C:/Users/aminb/OneDrive/Dokumente/Unity-Horror-Game/Horror-Game
Using Asset Import Pipeline V2.
